<?xml version="1.0" encoding="UTF-8"?>
<!-- Generated by org.testng.reporters.JUnitReportReporter -->
<testsuite hostname="DANNA" failures="0" tests="2" name="tests.Maven.SeleniumTest" time="0.008" errors="0" timestamp="2022-01-18T18:38:33 EST" skipped="0">
  <testcase classname="tests.Maven.SeleniumTest" name="getUI" time="0.007"/>
  <system-out/>
  <testcase classname="tests.Maven.SeleniumTest" name="postUI" time="0.001"/>
  <system-out/>
</testsuite> <!-- tests.Maven.SeleniumTest -->
