<?xml version="1.0" encoding="UTF-8"?>
<!-- Generated by org.testng.reporters.JUnitReportReporter -->
<testsuite hostname="DANNA" failures="0" tests="2" name="tests.Maven.RestApiTest" time="0.000" errors="0" timestamp="2022-01-18T18:38:33 EST" skipped="0">
  <testcase classname="tests.Maven.RestApiTest" name="getAPI" time="0.000"/>
  <system-out/>
  <testcase classname="tests.Maven.RestApiTest" name="postAPI" time="0.000"/>
  <system-out/>
</testsuite> <!-- tests.Maven.RestApiTest -->
