<?xml version="1.0" encoding="UTF-8"?>
<!-- Generated by org.testng.reporters.JUnitReportReporter -->
<testsuite hostname="DANNA" failures="0" tests="2" name="tests.Maven.AppiumTest" time="0.001" errors="0" timestamp="2022-01-18T18:38:18 EST" skipped="0">
  <testcase classname="tests.Maven.AppiumTest" name="postAppium" time="0.000"/>
  <system-out/>
  <testcase classname="tests.Maven.AppiumTest" name="getAppium" time="0.001"/>
  <system-out/>
</testsuite> <!-- tests.Maven.AppiumTest -->
